#
# There is insufficient memory for the Java Runtime Environment to continue.
# Native memory allocation (mmap) failed to map 41943040 bytes for committing reserved memory.
# Possible reasons:
#   The system is out of physical RAM or swap space
#   In 32 bit mode, the process size limit was hit
# Possible solutions:
#   Reduce memory load on the system
#   Increase physical memory or swap space
#   Check if swap backing store is full
#   Use 64 bit Java on a 64 bit OS
#   Decrease Java heap size (-Xmx/-Xms)
#   Decrease number of Java threads
#   Decrease Java thread stack sizes (-Xss)
#   Set larger code cache with -XX:ReservedCodeCacheSize=
# This output file may be truncated or incomplete.
#
#  Out of Memory Error (os_linux.cpp:2640), pid=8889, tid=0x00007f1447fff700
#
# JRE version: Java(TM) SE Runtime Environment (8.0_161-b12) (build 1.8.0_161-b12)
# Java VM: Java HotSpot(TM) 64-Bit Server VM (25.161-b12 mixed mode linux-amd64 compressed oops)
# Failed to write core dump. Core dumps have been disabled. To enable core dumping, try "ulimit -c unlimited" before starting Java again
#

---------------  T H R E A D  ---------------

Current thread (0x00007f145c07a800):  VMThread [stack: 0x00007f1447eff000,0x00007f1448000000] [id=8898]

Stack: [0x00007f1447eff000,0x00007f1448000000],  sp=0x00007f1447ffe180,  free space=1020k
Native frames: (J=compiled Java code, j=interpreted, Vv=VM code, C=native code)
V  [libjvm.so+0xacf94a]  VMError::report_and_die()+0x2ba
V  [libjvm.so+0x50050b]  report_vm_out_of_memory(char const*, int, unsigned long, VMErrorType, char const*)+0x8b
V  [libjvm.so+0x92b133]  os::Linux::commit_memory_impl(char*, unsigned long, bool)+0x103
V  [libjvm.so+0x92b5c9]  os::pd_commit_memory(char*, unsigned long, unsigned long, bool)+0x29
V  [libjvm.so+0x924c0a]  os::commit_memory(char*, unsigned long, unsigned long, bool)+0x2a
V  [libjvm.so+0x99ab53]  PSVirtualSpace::expand_by(unsigned long)+0x53
V  [libjvm.so+0x99bf58]  PSYoungGen::resize_generation(unsigned long, unsigned long)+0xf8
V  [libjvm.so+0x99b0b2]  PSYoungGen::resize(unsigned long, unsigned long)+0x22
V  [libjvm.so+0x99838b]  PSScavenge::invoke_no_policy()+0xf3b
V  [libjvm.so+0x993635]  PSParallelCompact::invoke(bool)+0x85
V  [libjvm.so+0x487004]  CollectedHeap::collect_as_vm_thread(GCCause::Cause)+0x114
V  [libjvm.so+0xad0dd1]  VM_CollectForMetadataAllocation::doit()+0x161
V  [libjvm.so+0xad8ed5]  VM_Operation::evaluate()+0x55
V  [libjvm.so+0xad729a]  VMThread::evaluate_operation(VM_Operation*)+0xba
V  [libjvm.so+0xad761e]  VMThread::loop()+0x1ce
V  [libjvm.so+0xad7a90]  VMThread::run()+0x70
V  [libjvm.so+0x92da28]  java_start(Thread*)+0x108

VM_Operation (0x00007f144795f9d0): CollectForMetadataAllocation, mode: safepoint, requested by thread 0x00007f145c0be800


---------------  P R O C E S S  ---------------

Java Threads: ( => current thread )
  0x00007f141007b000 JavaThread "AsyncResolver-bootstrap-executor-0" daemon [_thread_blocked, id=17223, stack(0x00007f140e9ec000,0x00007f140eaed000)]
  0x00007f1424001000 JavaThread "DiscoveryClient-HeartbeatExecutor-0" daemon [_thread_blocked, id=10301, stack(0x00007f140eaed000,0x00007f140ebee000)]
  0x00007f1418200000 JavaThread "DiscoveryClient-CacheRefreshExecutor-0" daemon [_thread_blocked, id=10299, stack(0x00007f140ebee000,0x00007f140ecef000)]
  0x00007f145c011000 JavaThread "DestroyJavaVM" [_thread_blocked, id=8891, stack(0x00007f1465d5c000,0x00007f1465e5d000)]
  0x00007f145d7d7800 JavaThread "http-nio-9020-AsyncTimeout" daemon [_thread_blocked, id=9484, stack(0x00007f140ecef000,0x00007f140edf0000)]
  0x00007f145d7d6000 JavaThread "http-nio-9020-Acceptor-0" daemon [_thread_in_native, id=9483, stack(0x00007f140edf0000,0x00007f140eef1000)]
  0x00007f145d7d3800 JavaThread "http-nio-9020-ClientPoller-1" daemon [_thread_blocked, id=9482, stack(0x00007f140eef1000,0x00007f140eff2000)]
  0x00007f145d7b9000 JavaThread "http-nio-9020-ClientPoller-0" daemon [_thread_blocked, id=9481, stack(0x00007f140eff2000,0x00007f140f0f3000)]
  0x00007f145d79d000 JavaThread "http-nio-9020-exec-10" daemon [_thread_blocked, id=9480, stack(0x00007f140f0f3000,0x00007f140f1f4000)]
  0x00007f145d79b000 JavaThread "http-nio-9020-exec-9" daemon [_thread_blocked, id=9479, stack(0x00007f140f1f4000,0x00007f140f2f5000)]
  0x00007f145d799000 JavaThread "http-nio-9020-exec-8" daemon [_thread_blocked, id=9478, stack(0x00007f140f2f5000,0x00007f140f3f6000)]
  0x00007f145d797000 JavaThread "http-nio-9020-exec-7" daemon [_thread_blocked, id=9477, stack(0x00007f140f3f6000,0x00007f140f4f7000)]
  0x00007f145d795000 JavaThread "http-nio-9020-exec-6" daemon [_thread_blocked, id=9476, stack(0x00007f140f4f7000,0x00007f140f5f8000)]
  0x00007f145d793000 JavaThread "http-nio-9020-exec-5" daemon [_thread_blocked, id=9475, stack(0x00007f140f5f8000,0x00007f140f6f9000)]
  0x00007f145d791000 JavaThread "http-nio-9020-exec-4" daemon [_thread_blocked, id=9474, stack(0x00007f140f6f9000,0x00007f140f7fa000)]
  0x00007f145d78f800 JavaThread "http-nio-9020-exec-3" daemon [_thread_blocked, id=9473, stack(0x00007f140f7fa000,0x00007f140f8fb000)]
  0x00007f145d78d800 JavaThread "http-nio-9020-exec-2" daemon [_thread_blocked, id=9472, stack(0x00007f140f8fb000,0x00007f140f9fc000)]
  0x00007f145d78b800 JavaThread "http-nio-9020-exec-1" daemon [_thread_blocked, id=9471, stack(0x00007f140f9fc000,0x00007f140fafd000)]
  0x00007f145d788800 JavaThread "NioBlockingSelector.BlockPoller-1" daemon [_thread_blocked, id=9470, stack(0x00007f140fafd000,0x00007f140fbfe000)]
  0x00007f145d766800 JavaThread "DiscoveryClient-InstanceInfoReplicator-0" daemon [_thread_blocked, id=9469, stack(0x00007f140fdfe000,0x00007f140feff000)]
  0x00007f145d763800 JavaThread "DiscoveryClient-1" daemon [_thread_blocked, id=9468, stack(0x00007f140feff000,0x00007f1410000000)]
  0x00007f145d762000 JavaThread "DiscoveryClient-0" daemon [_thread_blocked, id=9467, stack(0x00007f141c05b000,0x00007f141c15c000)]
  0x00007f145d726800 JavaThread "AsyncResolver-bootstrap-0" daemon [_thread_blocked, id=9459, stack(0x00007f141c15c000,0x00007f141c25d000)]
  0x00007f145d711000 JavaThread "Eureka-JerseyClient-Conn-Cleaner2" daemon [_thread_blocked, id=9451, stack(0x00007f141feff000,0x00007f1420000000)]
  0x00007f145d710000 JavaThread "Eureka-JerseyClient-Conn-Cleaner2" daemon [_thread_blocked, id=9450, stack(0x00007f141e1bf000,0x00007f141e2c0000)]
  0x00007f145ca9a800 JavaThread "spring.cloud.inetutils" daemon [_thread_blocked, id=9413, stack(0x00007f141ccba000,0x00007f141cdbb000)]
  0x00007f145cc99800 JavaThread "Abandoned connection cleanup thread" daemon [_thread_blocked, id=9179, stack(0x00007f141dbbb000,0x00007f141dcbc000)]
  0x00007f145cc40800 JavaThread "Tomcat JDBC Pool Cleaner[1829164700:1537967857082]" daemon [_thread_blocked, id=9178, stack(0x00007f141dcbc000,0x00007f141ddbd000)]
  0x00007f145cb6f800 JavaThread "container-0" [_thread_blocked, id=9165, stack(0x00007f141ddbd000,0x00007f141debe000)]
  0x00007f145cb6e000 JavaThread "ContainerBackgroundProcessor[StandardEngine[Tomcat]]" daemon [_thread_blocked, id=9164, stack(0x00007f141debe000,0x00007f141dfbf000)]
  0x00007f145c0c1000 JavaThread "Service Thread" daemon [_thread_blocked, id=8905, stack(0x00007f1447760000,0x00007f1447861000)]
  0x00007f145c0be800 JavaThread "C1 CompilerThread1" daemon [_thread_blocked, id=8904, stack(0x00007f1447861000,0x00007f1447962000)]
  0x00007f145c0bb800 JavaThread "C2 CompilerThread0" daemon [_thread_blocked, id=8903, stack(0x00007f1447962000,0x00007f1447a63000)]
  0x00007f145c0ba000 JavaThread "Signal Dispatcher" daemon [_thread_blocked, id=8902, stack(0x00007f1447a63000,0x00007f1447b64000)]
  0x00007f145c087000 JavaThread "Finalizer" daemon [_thread_blocked, id=8900, stack(0x00007f1447cfd000,0x00007f1447dfe000)]
  0x00007f145c082800 JavaThread "Reference Handler" daemon [_thread_blocked, id=8899, stack(0x00007f1447dfe000,0x00007f1447eff000)]

Other Threads:
=>0x00007f145c07a800 VMThread [stack: 0x00007f1447eff000,0x00007f1448000000] [id=8898]
  0x00007f145c0c6800 WatcherThread [stack: 0x00007f144765f000,0x00007f1447760000] [id=8906]

VM state:at safepoint (normal execution)

VM Mutex/Monitor currently owned by a thread:  ([mutex/lock_event])
[0x00007f145c00d260] Threads_lock - owner thread: 0x00007f145c07a800
[0x00007f145c00d760] Heap_lock - owner thread: 0x00007f145c0be800
[0x00007f145c00dce0] MethodData_lock - owner thread: 0x00007f145c0be800

Heap:
 PSYoungGen      total 192000K, used 3100K [0x00000000eb700000, 0x00000000f7f00000, 0x0000000100000000)
  eden space 179200K, 0% used [0x00000000eb700000,0x00000000eb700000,0x00000000f6600000)
  from space 12800K, 24% used [0x00000000f6600000,0x00000000f6907230,0x00000000f7280000)
  to   space 11776K, 0% used [0x00000000f7300000,0x00000000f7300000,0x00000000f7e80000)
 ParOldGen       total 59392K, used 35099K [0x00000000c2400000, 0x00000000c5e00000, 0x00000000eb700000)
  object space 59392K, 59% used [0x00000000c2400000,0x00000000c4646e78,0x00000000c5e00000)
 Metaspace       used 58255K, capacity 58774K, committed 59096K, reserved 1101824K
  class space    used 7490K, capacity 7653K, committed 7680K, reserved 1048576K

Card table byte_map: [0x00007f14628ff000,0x00007f1462aee000] byte_map_base: 0x00007f14622ed000

Marking Bits: (ParMarkBitMap*) 0x00007f1465225920
 Begin Bits: [0x00007f14606d3000, 0x00007f1461643000)
 End Bits:   [0x00007f1461643000, 0x00007f14625b3000)

Polling page: 0x00007f1465e78000

CodeCache: size=245760Kb used=14081Kb max_used=14144Kb free=231678Kb
 bounds [0x00007f144d000000, 0x00007f144ddf0000, 0x00007f145c000000]
 total_blobs=5463 nmethods=4902 adapters=474
 compilation: enabled

Compilation events (10 events):
Event: 3022.546 Thread 0x00007f145c0be800 nmethod 6061 0x00007f144da1d3d0 code [0x00007f144da1d5c0, 0x00007f144da1dea8]
Event: 3022.553 Thread 0x00007f145c0be800 6062       3       org.springframework.cloud.context.scope.GenericScope$BeanLifecycleWrapper::<init> (15 bytes)
Event: 3022.580 Thread 0x00007f145c0be800 nmethod 6062 0x00007f144dcabb10 code [0x00007f144dcabc80, 0x00007f144dcabe50]
Event: 3026.735 Thread 0x00007f145c0be800 6064  s    3       java.lang.StringBuffer::append (13 bytes)
Event: 3026.903 Thread 0x00007f145c0be800 nmethod 6064 0x00007f144dde4350 code [0x00007f144dde4500, 0x00007f144dde4c18]
Event: 3048.196 Thread 0x00007f145c0be800 6066       3       javax.ws.rs.core.UriBuilder::fromUri (12 bytes)
Event: 3048.389 Thread 0x00007f145c0be800 nmethod 6066 0x00007f144dde3d10 code [0x00007f144dde3ea0, 0x00007f144dde41e8]
Event: 3048.389 Thread 0x00007f145c0be800 6065       3       com.sun.jersey.api.client.WebResource::getUriBuilder (8 bytes)
Event: 3048.389 Thread 0x00007f145c0be800 nmethod 6065 0x00007f144dde35d0 code [0x00007f144dde3780, 0x00007f144dde3b48]
Event: 3048.468 Thread 0x00007f145c0be800 6072   !   3       com.netflix.discovery.shared.Application::_shuffleAndStoreInstances (259 bytes)

GC Heap History (10 events):
Event: 14.612 GC heap after
Heap after GC invocations=16 (full 2):
 PSYoungGen      total 114688K, used 0K [0x00000000eb700000, 0x00000000f4600000, 0x0000000100000000)
  eden space 102400K, 0% used [0x00000000eb700000,0x00000000eb700000,0x00000000f1b00000)
  from space 12288K, 0% used [0x00000000f2700000,0x00000000f2700000,0x00000000f3300000)
  to   space 12288K, 0% used [0x00000000f1b00000,0x00000000f1b00000,0x00000000f2700000)
 ParOldGen       total 59392K, used 20661K [0x00000000c2400000, 0x00000000c5e00000, 0x00000000eb700000)
  object space 59392K, 34% used [0x00000000c2400000,0x00000000c382d510,0x00000000c5e00000)
 Metaspace       used 34849K, capacity 35192K, committed 35456K, reserved 1081344K
  class space    used 4270K, capacity 4359K, committed 4480K, reserved 1048576K
}
Event: 16.522 GC heap before
{Heap before GC invocations=17 (full 2):
 PSYoungGen      total 114688K, used 102400K [0x00000000eb700000, 0x00000000f4600000, 0x0000000100000000)
  eden space 102400K, 100% used [0x00000000eb700000,0x00000000f1b00000,0x00000000f1b00000)
  from space 12288K, 0% used [0x00000000f2700000,0x00000000f2700000,0x00000000f3300000)
  to   space 12288K, 0% used [0x00000000f1b00000,0x00000000f1b00000,0x00000000f2700000)
 ParOldGen       total 59392K, used 20661K [0x00000000c2400000, 0x00000000c5e00000, 0x00000000eb700000)
  object space 59392K, 34% used [0x00000000c2400000,0x00000000c382d510,0x00000000c5e00000)
 Metaspace       used 40606K, capacity 40990K, committed 41216K, reserved 1085440K
  class space    used 5197K, capacity 5288K, committed 5376K, reserved 1048576K
Event: 16.549 GC heap after
Heap after GC invocations=17 (full 2):
 PSYoungGen      total 114688K, used 6479K [0x00000000eb700000, 0x00000000f5c80000, 0x0000000100000000)
  eden space 102400K, 0% used [0x00000000eb700000,0x00000000eb700000,0x00000000f1b00000)
  from space 12288K, 52% used [0x00000000f1b00000,0x00000000f2153df0,0x00000000f2700000)
  to   space 11776K, 0% used [0x00000000f5100000,0x00000000f5100000,0x00000000f5c80000)
 ParOldGen       total 59392K, used 20661K [0x00000000c2400000, 0x00000000c5e00000, 0x00000000eb700000)
  object space 59392K, 34% used [0x00000000c2400000,0x00000000c382d510,0x00000000c5e00000)
 Metaspace       used 40606K, capacity 40990K, committed 41216K, reserved 1085440K
  class space    used 5197K, capacity 5288K, committed 5376K, reserved 1048576K
}
Event: 19.095 GC heap before
{Heap before GC invocations=18 (full 2):
 PSYoungGen      total 114688K, used 108879K [0x00000000eb700000, 0x00000000f5c80000, 0x0000000100000000)
  eden space 102400K, 100% used [0x00000000eb700000,0x00000000f1b00000,0x00000000f1b00000)
  from space 12288K, 52% used [0x00000000f1b00000,0x00000000f2153df0,0x00000000f2700000)
  to   space 11776K, 0% used [0x00000000f5100000,0x00000000f5100000,0x00000000f5c80000)
 ParOldGen       total 59392K, used 20661K [0x00000000c2400000, 0x00000000c5e00000, 0x00000000eb700000)
  object space 59392K, 34% used [0x00000000c2400000,0x00000000c382d510,0x00000000c5e00000)
 Metaspace       used 45439K, capacity 45828K, committed 46208K, reserved 1089536K
  class space    used 5825K, capacity 5935K, committed 6016K, reserved 1048576K
Event: 19.113 GC heap after
Heap after GC invocations=18 (full 2):
 PSYoungGen      total 151552K, used 6827K [0x00000000eb700000, 0x00000000f5980000, 0x0000000100000000)
  eden space 142848K, 0% used [0x00000000eb700000,0x00000000eb700000,0x00000000f4280000)
  from space 8704K, 78% used [0x00000000f5100000,0x00000000f57aad38,0x00000000f5980000)
  to   space 11776K, 0% used [0x00000000f4280000,0x00000000f4280000,0x00000000f4e00000)
 ParOldGen       total 59392K, used 21981K [0x00000000c2400000, 0x00000000c5e00000, 0x00000000eb700000)
  object space 59392K, 37% used [0x00000000c2400000,0x00000000c3977540,0x00000000c5e00000)
 Metaspace       used 45439K, capacity 45828K, committed 46208K, reserved 1089536K
  class space    used 5825K, capacity 5935K, committed 6016K, reserved 1048576K
}
Event: 21.009 GC heap before
{Heap before GC invocations=19 (full 2):
 PSYoungGen      total 151552K, used 149675K [0x00000000eb700000, 0x00000000f5980000, 0x0000000100000000)
  eden space 142848K, 100% used [0x00000000eb700000,0x00000000f4280000,0x00000000f4280000)
  from space 8704K, 78% used [0x00000000f5100000,0x00000000f57aad38,0x00000000f5980000)
  to   space 11776K, 0% used [0x00000000f4280000,0x00000000f4280000,0x00000000f4e00000)
 ParOldGen       total 59392K, used 21981K [0x00000000c2400000, 0x00000000c5e00000, 0x00000000eb700000)
  object space 59392K, 37% used [0x00000000c2400000,0x00000000c3977540,0x00000000c5e00000)
 Metaspace       used 48257K, capacity 48620K, committed 48896K, reserved 1091584K
  class space    used 6188K, capacity 6299K, committed 6400K, reserved 1048576K
Event: 21.122 GC heap after
Heap after GC invocations=19 (full 2):
 PSYoungGen      total 154624K, used 7511K [0x00000000eb700000, 0x00000000f7e80000, 0x0000000100000000)
  eden space 142848K, 0% used [0x00000000eb700000,0x00000000eb700000,0x00000000f4280000)
  from space 11776K, 63% used [0x00000000f4280000,0x00000000f49d5c08,0x00000000f4e00000)
  to   space 11776K, 0% used [0x00000000f7300000,0x00000000f7300000,0x00000000f7e80000)
 ParOldGen       total 59392K, used 24747K [0x00000000c2400000, 0x00000000c5e00000, 0x00000000eb700000)
  object space 59392K, 41% used [0x00000000c2400000,0x00000000c3c2ae70,0x00000000c5e00000)
 Metaspace       used 48257K, capacity 48620K, committed 48896K, reserved 1091584K
  class space    used 6188K, capacity 6299K, committed 6400K, reserved 1048576K
}
Event: 23.093 GC heap before
{Heap before GC invocations=20 (full 2):
 PSYoungGen      total 154624K, used 150359K [0x00000000eb700000, 0x00000000f7e80000, 0x0000000100000000)
  eden space 142848K, 100% used [0x00000000eb700000,0x00000000f4280000,0x00000000f4280000)
  from space 11776K, 63% used [0x00000000f4280000,0x00000000f49d5c08,0x00000000f4e00000)
  to   space 11776K, 0% used [0x00000000f7300000,0x00000000f7300000,0x00000000f7e80000)
 ParOldGen       total 59392K, used 24747K [0x00000000c2400000, 0x00000000c5e00000, 0x00000000eb700000)
  object space 59392K, 41% used [0x00000000c2400000,0x00000000c3c2ae70,0x00000000c5e00000)
 Metaspace       used 55240K, capacity 55732K, committed 56192K, reserved 1097728K
  class space    used 7136K, capacity 7290K, committed 7296K, reserved 1048576K
Event: 23.141 GC heap after
Heap after GC invocations=20 (full 2):
 PSYoungGen      total 190976K, used 10395K [0x00000000eb700000, 0x00000000f7f00000, 0x0000000100000000)
  eden space 179200K, 0% used [0x00000000eb700000,0x00000000eb700000,0x00000000f6600000)
  from space 11776K, 88% used [0x00000000f7300000,0x00000000f7d26dd8,0x00000000f7e80000)
  to   space 12800K, 0% used [0x00000000f6600000,0x00000000f6600000,0x00000000f7280000)
 ParOldGen       total 59392K, used 29767K [0x00000000c2400000, 0x00000000c5e00000, 0x00000000eb700000)
  object space 59392K, 50% used [0x00000000c2400000,0x00000000c4111ea0,0x00000000c5e00000)
 Metaspace       used 55240K, capacity 55732K, committed 56192K, reserved 1097728K
  class space    used 7136K, capacity 7290K, committed 7296K, reserved 1048576K
}
Event: 3048.934 GC heap before
{Heap before GC invocations=21 (full 2):
 PSYoungGen      total 190976K, used 75278K [0x00000000eb700000, 0x00000000f7f00000, 0x0000000100000000)
  eden space 179200K, 36% used [0x00000000eb700000,0x00000000ef65ccd8,0x00000000f6600000)
  from space 11776K, 88% used [0x00000000f7300000,0x00000000f7d26dd8,0x00000000f7e80000)
  to   space 12800K, 0% used [0x00000000f6600000,0x00000000f6600000,0x00000000f7280000)
 ParOldGen       total 59392K, used 29767K [0x00000000c2400000, 0x00000000c5e00000, 0x00000000eb700000)
  object space 59392K, 50% used [0x00000000c2400000,0x00000000c4111ea0,0x00000000c5e00000)
 Metaspace       used 58255K, capacity 58774K, committed 59096K, reserved 1101824K
  class space    used 7490K, capacity 7653K, committed 7680K, reserved 1048576K

Deoptimization events (10 events):
Event: 22.288 Thread 0x00007f145c011000 Uncommon trap: reason=class_check action=maybe_recompile pc=0x00007f144d92d9dc method=java.lang.StringCoding$StringDecoder.charsetName()Ljava/lang/String; @ 4
Event: 22.631 Thread 0x00007f145c011000 Uncommon trap: reason=bimorphic action=maybe_recompile pc=0x00007f144d650198 method=java.util.regex.Pattern$CharProperty.match(Ljava/util/regex/Matcher;ILjava/lang/CharSequence;)Z @ 37
Event: 22.631 Thread 0x00007f145c011000 Uncommon trap: reason=bimorphic action=maybe_recompile pc=0x00007f144d650198 method=java.util.regex.Pattern$CharProperty.match(Ljava/util/regex/Matcher;ILjava/lang/CharSequence;)Z @ 37
Event: 23.786 Thread 0x00007f145c011000 Uncommon trap: reason=unstable_if action=reinterpret pc=0x00007f144d313b34 method=java.util.HashMap$HashIterator.<init>(Ljava/util/HashMap;)V @ 45
Event: 178.995 Thread 0x00007f1418200000 Uncommon trap: reason=unstable_if action=reinterpret pc=0x00007f144d7ae504 method=java.net.URI$Parser.scan(IILjava/lang/String;Ljava/lang/String;)I @ 23
Event: 178.995 Thread 0x00007f145d766800 Uncommon trap: reason=unstable_if action=reinterpret pc=0x00007f144d7ae504 method=java.net.URI$Parser.scan(IILjava/lang/String;Ljava/lang/String;)I @ 23
Event: 180.968 Thread 0x00007f1418200000 Uncommon trap: reason=bimorphic action=maybe_recompile pc=0x00007f144dafd288 method=java.util.zip.InflaterInputStream.read([BII)I @ 100
Event: 211.467 Thread 0x00007f1418200000 Uncommon trap: reason=bimorphic action=maybe_recompile pc=0x00007f144dafd288 method=java.util.zip.InflaterInputStream.read([BII)I @ 100
Event: 211.472 Thread 0x00007f1418200000 Uncommon trap: reason=bimorphic action=maybe_recompile pc=0x00007f144dafd288 method=java.util.zip.InflaterInputStream.read([BII)I @ 100
Event: 241.751 Thread 0x00007f1418200000 Uncommon trap: reason=bimorphic action=maybe_recompile pc=0x00007f144dafd288 method=java.util.zip.InflaterInputStream.read([BII)I @ 100

Classes redefined (0 events):
No events

Internal exceptions (10 events):
Event: 2126.450 Thread 0x00007f1424001000 Exception <a 'java/net/SocketTimeoutException': Read timed out> (0x00000000ef17f8a0) thrown at [/HUDSON/workspace/8-2-build-linux-amd64/jdk8u161/10277/hotspot/src/share/vm/prims/jni.cpp, line 735]
Event: 2156.805 Thread 0x00007f1424001000 Exception <a 'java/net/SocketTimeoutException': Read timed out> (0x00000000ef1899f0) thrown at [/HUDSON/workspace/8-2-build-linux-amd64/jdk8u161/10277/hotspot/src/share/vm/prims/jni.cpp, line 735]
Event: 2188.371 Thread 0x00007f1424001000 Exception <a 'java/net/SocketTimeoutException': Read timed out> (0x00000000ef1a3628) thrown at [/HUDSON/workspace/8-2-build-linux-amd64/jdk8u161/10277/hotspot/src/share/vm/prims/jni.cpp, line 735]
Event: 2220.043 Thread 0x00007f1424001000 Exception <a 'java/net/SocketTimeoutException': Read timed out> (0x00000000ef1ad778) thrown at [/HUDSON/workspace/8-2-build-linux-amd64/jdk8u161/10277/hotspot/src/share/vm/prims/jni.cpp, line 735]
Event: 2251.726 Thread 0x00007f1424001000 Exception <a 'java/net/SocketTimeoutException': Read timed out> (0x00000000ef1b78c8) thrown at [/HUDSON/workspace/8-2-build-linux-amd64/jdk8u161/10277/hotspot/src/share/vm/prims/jni.cpp, line 735]
Event: 2282.747 Thread 0x00007f1424001000 Exception <a 'java/net/SocketTimeoutException': Read timed out> (0x00000000ef1c1a18) thrown at [/HUDSON/workspace/8-2-build-linux-amd64/jdk8u161/10277/hotspot/src/share/vm/prims/jni.cpp, line 735]
Event: 2348.920 Thread 0x00007f1424001000 Exception <a 'java/net/SocketTimeoutException': Read timed out> (0x00000000ef1dc4f8) thrown at [/HUDSON/workspace/8-2-build-linux-amd64/jdk8u161/10277/hotspot/src/share/vm/prims/jni.cpp, line 735]
Event: 2384.860 Thread 0x00007f1424001000 Exception <a 'java/net/SocketTimeoutException': Read timed out> (0x00000000ef1e6648) thrown at [/HUDSON/workspace/8-2-build-linux-amd64/jdk8u161/10277/hotspot/src/share/vm/prims/jni.cpp, line 735]
Event: 2415.195 Thread 0x00007f1424001000 Exception <a 'java/net/SocketTimeoutException': Read timed out> (0x00000000ef1f0798) thrown at [/HUDSON/workspace/8-2-build-linux-amd64/jdk8u161/10277/hotspot/src/share/vm/prims/jni.cpp, line 735]
Event: 2446.084 Thread 0x00007f1424001000 Exception <a 'java/net/SocketTimeoutException': Read timed out> (0x00000000ef1fa8e8) thrown at [/HUDSON/workspace/8-2-build-linux-amd64/jdk8u161/10277/hotspot/src/share/vm/prims/jni.cpp, line 735]

Events (10 events):
Event: 2988.102 Thread 0x00007f145c0be800 flushing nmethod 0x00007f144dd420d0
Event: 3007.283 Executing VM operation: RevokeBias
Event: 3007.712 Executing VM operation: RevokeBias done
Event: 3007.723 Executing VM operation: BulkRevokeBias
Event: 3007.783 Executing VM operation: BulkRevokeBias done
Event: 3037.864 Executing VM operation: RevokeBias
Event: 3037.909 Executing VM operation: RevokeBias done
Event: 3037.960 Executing VM operation: RevokeBias
Event: 3038.131 Executing VM operation: RevokeBias done
Event: 3048.595 Executing VM operation: CollectForMetadataAllocation


Dynamic libraries:
00400000-00401000 r-xp 00000000 fc:00 142137                             /usr/lib/jvm/java-8-oracle/bin/java
00600000-00601000 rw-p 00000000 fc:00 142137                             /usr/lib/jvm/java-8-oracle/bin/java
00717000-00738000 rw-p 00000000 00:00 0                                  [heap]
c2400000-c5e00000 rw-p 00000000 00:00 0 
c5e00000-eb700000 ---p 00000000 00:00 0 
eb700000-f7f00000 rw-p 00000000 00:00 0 
fa700000-100000000 ---p 00000000 00:00 0 
100000000-100780000 rw-p 00000000 00:00 0 
100780000-140000000 ---p 00000000 00:00 0 
7f1408000000-7f1408021000 rw-p 00000000 00:00 0 
7f1408021000-7f140c000000 ---p 00000000 00:00 0 
7f140e7ec000-7f140e822000 rw-p 00000000 00:00 0 
7f140e822000-7f140e9ec000 ---p 00000000 00:00 0 
7f140e9ec000-7f140e9ef000 ---p 00000000 00:00 0 
7f140e9ef000-7f140eaed000 rw-p 00000000 00:00 0 
7f140eaed000-7f140eaf0000 ---p 00000000 00:00 0 
7f140eaf0000-7f140ebee000 rw-p 00000000 00:00 0 
7f140ebee000-7f140ebf1000 ---p 00000000 00:00 0 
7f140ebf1000-7f140ecef000 rw-p 00000000 00:00 0 
7f140ecef000-7f140ecf2000 ---p 00000000 00:00 0 
7f140ecf2000-7f140edf0000 rw-p 00000000 00:00 0 
7f140edf0000-7f140edf3000 ---p 00000000 00:00 0 
7f140edf3000-7f140eef1000 rw-p 00000000 00:00 0 
7f140eef1000-7f140eef4000 ---p 00000000 00:00 0 
7f140eef4000-7f140eff2000 rw-p 00000000 00:00 0 
7f140eff2000-7f140eff5000 ---p 00000000 00:00 0 
7f140eff5000-7f140f0f3000 rw-p 00000000 00:00 0 
7f140f0f3000-7f140f0f6000 ---p 00000000 00:00 0 
7f140f0f6000-7f140f1f4000 rw-p 00000000 00:00 0 
7f140f1f4000-7f140f1f7000 ---p 00000000 00:00 0 
7f140f1f7000-7f140f2f5000 rw-p 00000000 00:00 0 
7f140f2f5000-7f140f2f8000 ---p 00000000 00:00 0 
7f140f2f8000-7f140f3f6000 rw-p 00000000 00:00 0 
7f140f3f6000-7f140f3f9000 ---p 00000000 00:00 0 
7f140f3f9000-7f140f4f7000 rw-p 00000000 00:00 0 
7f140f4f7000-7f140f4fa000 ---p 00000000 00:00 0 
7f140f4fa000-7f140f5f8000 rw-p 00000000 00:00 0 
7f140f5f8000-7f140f5fb000 ---p 00000000 00:00 0 
7f140f5fb000-7f140f6f9000 rw-p 00000000 00:00 0 
7f140f6f9000-7f140f6fc000 ---p 00000000 00:00 0 
7f140f6fc000-7f140f7fa000 rw-p 00000000 00:00 0 
7f140f7fa000-7f140f7fd000 ---p 00000000 00:00 0 
7f140f7fd000-7f140f8fb000 rw-p 00000000 00:00 0 
7f140f8fb000-7f140f8fe000 ---p 00000000 00:00 0 
7f140f8fe000-7f140f9fc000 rw-p 00000000 00:00 0 
7f140f9fc000-7f140f9ff000 ---p 00000000 00:00 0 
7f140f9ff000-7f140fafd000 rw-p 00000000 00:00 0 
7f140fafd000-7f140fb00000 ---p 00000000 00:00 0 
7f140fb00000-7f140fdfe000 rw-p 00000000 00:00 0 
7f140fdfe000-7f140fe01000 ---p 00000000 00:00 0 
7f140fe01000-7f140feff000 rw-p 00000000 00:00 0 
7f140feff000-7f140ff02000 ---p 00000000 00:00 0 
7f140ff02000-7f1410000000 rw-p 00000000 00:00 0 
7f1410000000-7f1410090000 rw-p 00000000 00:00 0 
7f1410090000-7f1414000000 ---p 00000000 00:00 0 
7f1414000000-7f1414021000 rw-p 00000000 00:00 0 
7f1414021000-7f1418000000 ---p 00000000 00:00 0 
7f1418000000-7f1418336000 rw-p 00000000 00:00 0 
7f1418336000-7f141c000000 ---p 00000000 00:00 0 
7f141c05b000-7f141c05e000 ---p 00000000 00:00 0 
7f141c05e000-7f141c15c000 rw-p 00000000 00:00 0 
7f141c15c000-7f141c15f000 ---p 00000000 00:00 0 
7f141c15f000-7f141c45d000 rw-p 00000000 00:00 0 
7f141c45d000-7f141c65d000 rw-p 00000000 00:00 0 
7f141c65d000-7f141c673000 r-xp 00000000 fc:00 1835533                    /lib/x86_64-linux-gnu/libgcc_s.so.1
7f141c673000-7f141c872000 ---p 00016000 fc:00 1835533                    /lib/x86_64-linux-gnu/libgcc_s.so.1
7f141c872000-7f141c873000 rw-p 00015000 fc:00 1835533                    /lib/x86_64-linux-gnu/libgcc_s.so.1
7f141c873000-7f141c8a5000 r-xp 00000000 fc:00 2901882                    /usr/lib/jvm/java-8-oracle/jre/lib/amd64/libsunec.so
7f141c8a5000-7f141caa4000 ---p 00032000 fc:00 2901882                    /usr/lib/jvm/java-8-oracle/jre/lib/amd64/libsunec.so
7f141caa4000-7f141caaa000 rw-p 00031000 fc:00 2901882                    /usr/lib/jvm/java-8-oracle/jre/lib/amd64/libsunec.so
7f141caaa000-7f141ccba000 rw-p 00000000 00:00 0 
7f141ccba000-7f141ccbd000 ---p 00000000 00:00 0 
7f141ccbd000-7f141cfbb000 rw-p 00000000 00:00 0 
7f141cfbb000-7f141d1bb000 rw-p 00000000 00:00 0 
7f141d1bb000-7f141d3bb000 rw-p 00000000 00:00 0 
7f141d3bb000-7f141d5bb000 rw-p 00000000 00:00 0 
7f141d5bb000-7f141d7bb000 rw-p 00000000 00:00 0 
7f141d7bb000-7f141d9bb000 rw-p 00000000 00:00 0 
7f141d9bb000-7f141dbbb000 rw-p 00000000 00:00 0 
7f141dbbb000-7f141dbbe000 ---p 00000000 00:00 0 
7f141dbbe000-7f141dcbc000 rw-p 00000000 00:00 0 
7f141dcbc000-7f141dcbf000 ---p 00000000 00:00 0 
7f141dcbf000-7f141ddbd000 rw-p 00000000 00:00 0 
7f141ddbd000-7f141ddc0000 ---p 00000000 00:00 0 
7f141ddc0000-7f141debe000 rw-p 00000000 00:00 0 
7f141debe000-7f141dec1000 ---p 00000000 00:00 0 
7f141dec1000-7f141e1bf000 rw-p 00000000 00:00 0 
7f141e1bf000-7f141e1c2000 ---p 00000000 00:00 0 
7f141e1c2000-7f141e4c0000 rw-p 00000000 00:00 0 
7f141e4c0000-7f141e6c0000 rw-p 00000000 00:00 0 
7f141e6c0000-7f141e8c0000 rw-p 00000000 00:00 0 
7f141e8c0000-7f141eac0000 rw-p 00000000 00:00 0 
7f141eac0000-7f141ecc0000 rw-p 00000000 00:00 0 
7f141ecc0000-7f141ecd1000 r-xp 00000000 fc:00 2901927                    /usr/lib/jvm/java-8-oracle/jre/lib/amd64/libnio.so
7f141ecd1000-7f141eed0000 ---p 00011000 fc:00 2901927                    /usr/lib/jvm/java-8-oracle/jre/lib/amd64/libnio.so
7f141eed0000-7f141eed1000 rw-p 00010000 fc:00 2901927                    /usr/lib/jvm/java-8-oracle/jre/lib/amd64/libnio.so
7f141eed1000-7f141f0d1000 rw-p 00000000 00:00 0 
7f141f0d1000-7f141f2d1000 rw-p 00000000 00:00 0 
7f141f2d1000-7f141f4d1000 rw-p 00000000 00:00 0 
7f141f4d1000-7f141f6d1000 rw-p 00000000 00:00 0 
7f141f6d1000-7f141f6da000 r-xp 00000000 fc:00 2901932                    /usr/lib/jvm/java-8-oracle/jre/lib/amd64/libmanagement.so
7f141f6da000-7f141f8d9000 ---p 00009000 fc:00 2901932                    /usr/lib/jvm/java-8-oracle/jre/lib/amd64/libmanagement.so
7f141f8d9000-7f141f8da000 rw-p 00008000 fc:00 2901932                    /usr/lib/jvm/java-8-oracle/jre/lib/amd64/libmanagement.so
7f141f8da000-7f141f8f1000 r-xp 00000000 fc:00 1840098                    /lib/x86_64-linux-gnu/libresolv-2.23.so
7f141f8f1000-7f141faf1000 ---p 00017000 fc:00 1840098                    /lib/x86_64-linux-gnu/libresolv-2.23.so
7f141faf1000-7f141faf2000 r--p 00017000 fc:00 1840098                    /lib/x86_64-linux-gnu/libresolv-2.23.so
7f141faf2000-7f141faf3000 rw-p 00018000 fc:00 1840098                    /lib/x86_64-linux-gnu/libresolv-2.23.so
7f141faf3000-7f141faf5000 rw-p 00000000 00:00 0 
7f141faf5000-7f141fafa000 r-xp 00000000 fc:00 1840104                    /lib/x86_64-linux-gnu/libnss_dns-2.23.so
7f141fafa000-7f141fcfa000 ---p 00005000 fc:00 1840104                    /lib/x86_64-linux-gnu/libnss_dns-2.23.so
7f141fcfa000-7f141fcfb000 r--p 00005000 fc:00 1840104                    /lib/x86_64-linux-gnu/libnss_dns-2.23.so
7f141fcfb000-7f141fcfc000 rw-p 00006000 fc:00 1840104                    /lib/x86_64-linux-gnu/libnss_dns-2.23.so
7f141fcfc000-7f141fcfe000 r-xp 00000000 fc:00 1846427                    /lib/x86_64-linux-gnu/libnss_mdns4_minimal.so.2
7f141fcfe000-7f141fefd000 ---p 00002000 fc:00 1846427                    /lib/x86_64-linux-gnu/libnss_mdns4_minimal.so.2
7f141fefd000-7f141fefe000 r--p 00001000 fc:00 1846427                    /lib/x86_64-linux-gnu/libnss_mdns4_minimal.so.2
7f141fefe000-7f141feff000 rw-p 00002000 fc:00 1846427                    /lib/x86_64-linux-gnu/libnss_mdns4_minimal.so.2
7f141feff000-7f141ff02000 ---p 00000000 00:00 0 
7f141ff02000-7f1420000000 rw-p 00000000 00:00 0 
7f1420000000-7f142004f000 rw-p 00000000 00:00 0 
7f142004f000-7f1424000000 ---p 00000000 00:00 0 
7f1424000000-7f1424291000 rw-p 00000000 00:00 0 
7f1424291000-7f1428000000 ---p 00000000 00:00 0 
7f1428000000-7f14299b9000 rw-p 00000000 00:00 0 
7f14299b9000-7f142c000000 ---p 00000000 00:00 0 
7f142c000000-7f142cd80000 rw-p 00000000 00:00 0 
7f142cd80000-7f1430000000 ---p 00000000 00:00 0 
7f1430000000-7f1430021000 rw-p 00000000 00:00 0 
7f1430021000-7f1434000000 ---p 00000000 00:00 0 
7f1434000000-7f1434021000 rw-p 00000000 00:00 0 
7f1434021000-7f1438000000 ---p 00000000 00:00 0 
7f1438000000-7f143829a000 rw-p 00000000 00:00 0 
7f143829a000-7f143c000000 ---p 00000000 00:00 0 
7f143c000000-7f143c021000 rw-p 00000000 00:00 0 
7f143c021000-7f1440000000 ---p 00000000 00:00 0 
7f1440000000-7f144004e000 rw-p 00000000 00:00 0 
7f144004e000-7f1444000000 ---p 00000000 00:00 0 
7f1444090000-7f1444092000 r--s 00009000 fc:00 1193530                    /usr/lib/jvm/java-8-oracle/jre/lib/ext/sunec.jar
7f1444092000-7f1444096000 r--s 0003a000 fc:00 1193539                    /usr/lib/jvm/java-8-oracle/jre/lib/ext/sunpkcs11.jar
7f1444096000-7f1444099000 r--s 0001a000 fc:00 663731                     /usr/lib/jvm/java-8-oracle/jre/lib/jce.jar
7f1444099000-7f144409e000 r--s 002f9000 fc:00 663718                     /usr/lib/jvm/java-8-oracle/jre/lib/charsets.jar
7f144409e000-7f14440a3000 r--s 0009d000 fc:00 663725                     /usr/lib/jvm/java-8-oracle/jre/lib/jsse.jar
7f14440a3000-7f14470a4000 rw-p 00000000 00:00 0 
7f14470a4000-7f14470ba000 r-xp 00000000 fc:00 2901924                    /usr/lib/jvm/java-8-oracle/jre/lib/amd64/libnet.so
7f14470ba000-7f14472ba000 ---p 00016000 fc:00 2901924                    /usr/lib/jvm/java-8-oracle/jre/lib/amd64/libnet.so
7f14472ba000-7f14472bb000 rw-p 00016000 fc:00 2901924                    /usr/lib/jvm/java-8-oracle/jre/lib/amd64/libnet.so
7f14472bb000-7f14472bd000 r--s 0000e000 fc:00 3545698                    /home/osgdev/.m2/repository/org/json/json/20180130/json-20180130.jar
7f14472bd000-7f14472d4000 r--s 000fe000 fc:00 3676148                    /home/osgdev/.m2/repository/org/springframework/spring-core/4.3.18.RELEASE/spring-core-4.3.18.RELEASE.jar
7f14472d4000-7f14472de000 r--s 000ec000 fc:00 794281                     /home/osgdev/.m2/repository/mysql/mysql-connector-java/5.1.46/mysql-connector-java-5.1.46.jar
7f14472de000-7f14472ee000 r--s 001c7000 fc:00 3167514                    /home/osgdev/.m2/repository/com/h2database/h2/1.4.197/h2-1.4.197.jar
7f14472ee000-7f14472f1000 r--s 0000c000 fc:00 794278                     /home/osgdev/.m2/repository/org/springframework/spring-aspects/4.3.18.RELEASE/spring-aspects-4.3.18.RELEASE.jar
7f14472f1000-7f14472f3000 r--s 00003000 fc:00 3676166                    /home/osgdev/.m2/repository/org/slf4j/jcl-over-slf4j/1.7.25/jcl-over-slf4j-1.7.25.jar
7f14472f3000-7f14472f5000 r--s 00009000 fc:00 3167316                    /home/osgdev/.m2/repository/org/slf4j/slf4j-api/1.7.25/slf4j-api-1.7.25.jar
7f14472f5000-7f14472fd000 r--s 0003a000 fc:00 794275                     /home/osgdev/.m2/repository/org/springframework/spring-tx/4.3.18.RELEASE/spring-tx-4.3.18.RELEASE.jar
7f14472fd000-7f1447307000 r--s 0006b000 fc:00 794273                     /home/osgdev/.m2/repository/org/springframework/spring-orm/4.3.18.RELEASE/spring-orm-4.3.18.RELEASE.jar
7f1447307000-7f144731a000 r--s 000b2000 fc:00 794271                     /home/osgdev/.m2/repository/org/springframework/data/spring-data-commons/1.13.14.RELEASE/spring-data-commons-1.13.14.RELEASE.jar
7f144731a000-7f1447321000 r--s 00043000 fc:00 794269                     /home/osgdev/.m2/repository/org/springframework/data/spring-data-jpa/1.11.14.RELEASE/spring-data-jpa-1.11.14.RELEASE.jar
7f1447321000-7f1447323000 r--s 00006000 fc:00 2500319                    /home/osgdev/.m2/repository/javax/transaction/javax.transaction-api/1.2/javax.transaction-api-1.2.jar
7f1447323000-7f1447330000 r--s 00089000 fc:00 3678746                    /home/osgdev/.m2/repository/org/hibernate/hibernate-entitymanager/5.0.12.Final/hibernate-entitymanager-5.0.12.Final.jar
7f1447330000-7f1447333000 r--s 00010000 fc:00 3678745                    /home/osgdev/.m2/repository/org/hibernate/common/hibernate-commons-annotations/5.0.1.Final/hibernate-commons-annotations-5.0.1.Final.jar
7f1447333000-7f1447338000 r--s 00048000 fc:00 2101040                    /home/osgdev/.m2/repository/dom4j/dom4j/1.6.1/dom4j-1.6.1.jar
7f1447338000-7f144733b000 r--s 0002b000 fc:00 3545711                    /home/osgdev/.m2/repository/org/jboss/jandex/2.0.0.Final/jandex-2.0.0.Final.jar
7f144733b000-7f1447340000 r--s 00068000 fc:00 2230449                    /home/osgdev/.m2/repository/antlr/antlr/2.7.7/antlr-2.7.7.jar
7f1447340000-7f144734a000 r--s 000aa000 fc:00 3803847                    /home/osgdev/.m2/repository/org/javassist/javassist/3.21.0-GA/javassist-3.21.0-GA.jar
7f144734a000-7f144734f000 r--s 00017000 fc:00 3678742                    /home/osgdev/.m2/repository/org/hibernate/javax/persistence/hibernate-jpa-2.1-api/1.0.0.Final/hibernate-jpa-2.1-api-1.0.0.Final.jar
7f144734f000-7f14473b8000 r--s 004f3000 fc:00 3678740                    /home/osgdev/.m2/repository/org/hibernate/hibernate-core/5.0.12.Final/hibernate-core-5.0.12.Final.jar
7f14473b8000-7f14473c2000 r--s 00060000 fc:00 794267                     /home/osgdev/.m2/repository/org/springframework/spring-jdbc/4.3.18.RELEASE/spring-jdbc-4.3.18.RELEASE.jar
7f14473c2000-7f14473c4000 r--s 0000b000 fc:00 1581155                    /home/osgdev/.m2/repository/org/apache/tomcat/tomcat-juli/8.5.32/tomcat-juli-8.5.32.jar
7f14473c4000-7f14473c7000 r--s 00022000 fc:00 1980213                    /home/osgdev/.m2/repository/org/apache/tomcat/tomcat-jdbc/8.5.32/tomcat-jdbc-8.5.32.jar
7f14473c7000-7f14473c8000 r--s 00000000 fc:00 794265                     /home/osgdev/.m2/repository/org/springframework/boot/spring-boot-starter-jdbc/1.5.15.RELEASE/spring-boot-starter-jdbc-1.5.15.RELEASE.jar
7f14473c8000-7f14473e1000 r--s 001bf000 fc:00 3802252                    /home/osgdev/.m2/repository/org/aspectj/aspectjweaver/1.8.13/aspectjweaver-1.8.13.jar
7f14473e1000-7f14473e2000 r--s 00000000 fc:00 794209                     /home/osgdev/.m2/repository/org/springframework/boot/spring-boot-starter-aop/1.5.15.RELEASE/spring-boot-starter-aop-1.5.15.RELEASE.jar
7f14473e2000-7f14473e3000 r--s 00000000 fc:00 794263                     /home/osgdev/.m2/repository/org/springframework/boot/spring-boot-starter-data-jpa/1.5.15.RELEASE/spring-boot-starter-data-jpa-1.5.15.RELEASE.jar
7f14473e3000-7f14473e5000 r--s 00005000 fc:00 1838154                    /home/osgdev/.m2/repository/xpp3/xpp3_min/1.1.4c/xpp3_min-1.1.4c.jar
7f14473e5000-7f14473e6000 r--s 00001000 fc:00 794012                     /home/osgdev/.m2/repository/xmlpull/xmlpull/1.1.3.1/xmlpull-1.1.3.1.jar
7f14473e6000-7f14473f4000 r--s 00082000 fc:00 2500283                    /home/osgdev/.m2/repository/com/thoughtworks/xstream/xstream/1.4.10/xstream-1.4.10.jar
7f14473f4000-7f14473f6000 r--s 00003000 fc:00 3801521                    /home/osgdev/.m2/repository/com/netflix/ribbon/ribbon-eureka/2.2.5/ribbon-eureka-2.2.5.jar
7f14473f6000-7f144740e000 r--s 000fc000 fc:00 3801519                    /home/osgdev/.m2/repository/io/reactivex/rxjava/1.2.0/rxjava-1.2.0.jar
7f144740e000-7f1447410000 r--s 00002000 fc:00 3801517                    /home/osgdev/.m2/repository/com/netflix/netflix-commons/netflix-statistics/0.1.1/netflix-statistics-0.1.1.jar
7f1447410000-7f1447414000 r--s 00024000 fc:00 3801514                    /home/osgdev/.m2/repository/com/netflix/ribbon/ribbon-loadbalancer/2.2.5/ribbon-loadbalancer-2.2.5.jar
7f1447414000-7f1447415000 r--s 00001000 fc:00 3801513                    /home/osgdev/.m2/repository/com/netflix/netflix-commons/netflix-commons-util/0.1.1/netflix-commons-util-0.1.1.jar
7f1447415000-7f1447422000 r--s 00083000 fc:00 3415607                    /home/osgdev/.m2/repository/commons-collections/commons-collections/3.2.2/commons-collections-3.2.2.jar
7f1447422000-7f1447424000 r--s 0000c000 fc:00 3801511                    /home/osgdev/.m2/repository/com/netflix/ribbon/ribbon-httpclient/2.2.5/ribbon-httpclient-2.2.5.jar
7f1447424000-7f1447428000 r--s 00011000 fc:00 3801509                    /home/osgdev/.m2/repository/com/netflix/ribbon/ribbon-core/2.2.5/ribbon-core-2.2.5.jar
7f1447428000-7f144742f000 r--s 00047000 fc:00 3801507                    /home/osgdev/.m2/repository/io/netty/netty-transport/4.0.27.Final/netty-transport-4.0.27.Final.jar
7f144742f000-7f1447431000 r--s 00027000 fc:00 3801504                    /home/osgdev/.m2/repository/io/netty/netty-buffer/4.0.27.Final/netty-buffer-4.0.27.Final.jar
7f1447431000-7f1447438000 r--s 00060000 fc:00 3801502                    /home/osgdev/.m2/repository/io/netty/netty-common/4.0.27.Final/netty-common-4.0.27.Final.jar
7f1447438000-7f144743a000 r--s 00016000 fc:00 3801500                    /home/osgdev/.m2/repository/io/netty/netty-transport-native-epoll/4.0.27.Final/netty-transport-native-epoll-4.0.27.Final.jar
7f144743a000-7f144743f000 r--s 00036000 fc:00 3801498                    /home/osgdev/.m2/repository/io/netty/netty-handler/4.0.27.Final/netty-handler-4.0.27.Final.jar
7f144743f000-7f1447443000 r--s 00020000 fc:00 3801497                    /home/osgdev/.m2/repository/io/netty/netty-codec/4.0.27.Final/netty-codec-4.0.27.Final.jar
7f1447443000-7f144744b000 r--s 00061000 fc:00 3545592                    /home/osgdev/.m2/repository/io/netty/netty-codec-http/4.0.27.Final/netty-codec-http-4.0.27.Final.jar
7f144744b000-7f1447455000 r--s 00059000 fc:00 3801494                    /home/osgdev/.m2/repository/io/reactivex/rxnetty/0.4.9/rxnetty-0.4.9.jar
7f1447455000-7f1447457000 r--s 0001a000 fc:00 3801493                    /home/osgdev/.m2/repository/org/hdrhistogram/HdrHistogram/2.1.9/HdrHistogram-2.1.9.jar
7f1447457000-7f1447463000 r--s 00068000 fc:00 3801492                    /home/osgdev/.m2/repository/com/netflix/hystrix/hystrix-core/1.5.12/hystrix-core-1.5.12.jar
7f1447463000-7f1447465000 r--s 00006000 fc:00 3801489                    /home/osgdev/.m2/repository/io/reactivex/rxnetty-servo/0.4.9/rxnetty-servo-0.4.9.jar
7f1447465000-7f1447468000 r--s 0000b000 fc:00 3801485                    /home/osgdev/.m2/repository/io/reactivex/rxnetty-contexts/0.4.9/rxnetty-contexts-0.4.9.jar
7f1447468000-7f1447469000 r--s 00009000 fc:00 3801483                    /home/osgdev/.m2/repository/com/netflix/ribbon/ribbon-transport/2.2.5/ribbon-transport-2.2.5.jar
7f1447469000-7f144746d000 r--s 00012000 fc:00 3801482                    /home/osgdev/.m2/repository/com/netflix/ribbon/ribbon/2.2.5/ribbon-2.2.5.jar
7f144746d000-7f144746e000 r--s 00000000 fc:00 3801480                    /home/osgdev/.m2/repository/org/springframework/cloud/spring-cloud-starter-netflix-ribbon/1.4.5.RELEASE/spring-cloud-starter-netflix-ribbon-1.4.5.RELEASE.jar
7f144746e000-7f1447499000 r--s 001fc000 fc:00 3676601                    /home/osgdev/.m2/repository/com/google/guava/guava/18.0/guava-18.0.jar
7f1447499000-7f144749e000 r--s 00041000 fc:00 3539432                    /home/osgdev/.m2/repository/commons-lang/commons-lang/2.6/commons-lang-2.6.jar
7f144749e000-7f14474a5000 r--s 00050000 fc:00 794015                     /home/osgdev/.m2/repository/commons-configuration/commons-configuration/1.8/commons-configuration-1.8.jar
7f14474a5000-7f14474a6000 r--s 00000000 fc:00 3801466                    /home/osgdev/.m2/repository/org/springframework/cloud/spring-cloud-starter-netflix-archaius/1.4.5.RELEASE/spring-cloud-starter-netflix-archaius-1.4.5.RELEASE.jar
7f14474a6000-7f14474aa000 r--s 00024000 fc:00 794009                     /home/osgdev/.m2/repository/org/codehaus/woodstox/stax2-api/3.1.4/stax2-api-3.1.4.jar
7f14474aa000-7f14474ac000 r--s 00004000 fc:00 3801452                    /home/osgdev/.m2/repository/javax/xml/stream/stax-api/1.0-2/stax-api-1.0-2.jar
7f14474ac000-7f14474b2000 r--s 00071000 fc:00 794005                     /home/osgdev/.m2/repository/org/codehaus/woodstox/woodstox-core-asl/4.4.1/woodstox-core-asl-4.4.1.jar
7f14474b2000-7f14474b7000 r--s 00039000 fc:00 3416364                    /home/osgdev/.m2/repository/com/netflix/eureka/eureka-core/1.7.2/eureka-core-1.7.2.jar
7f14474b7000-7f14474b9000 r--s 00000000 fc:00 3676570                    /home/osgdev/.m2/repository/aopalliance/aopalliance/1.0/aopalliance-1.0.jar
7f14474b9000-7f14474ba000 r--s 00000000 fc:00 3676566                    /home/osgdev/.m2/repository/javax/inject/javax.inject/1/javax.inject-1.jar
7f14474ba000-7f14474c8000 r--s 00097000 fc:00 2241899                    /home/osgdev/.m2/repository/com/google/inject/guice/4.1.0/guice-4.1.0.jar
7f14474c8000-7f14474cf000 r--s 0003f000 fc:00 3166968                    /home/osgdev/.m2/repository/commons-codec/commons-codec/1.10/commons-codec-1.10.jar
7f14474cf000-7f14474d6000 r--s 00049000 fc:00 2368532                    /home/osgdev/.m2/repository/org/apache/httpcomponents/httpcore/4.4.10/httpcore-4.4.10.jar
7f14474d6000-7f14474e3000 r--s 000af000 fc:00 1581086                    /home/osgdev/.m2/repository/org/apache/httpcomponents/httpclient/4.5.6/httpclient-4.5.6.jar
7f14474e3000-7f14474e5000 r--s 00003000 fc:00 3801457                    /home/osgdev/.m2/repository/com/sun/jersey/contribs/jersey-apache-client4/1.19.1/jersey-apache-client4-1.19.1.jar
7f14474e5000-7f14474e8000 r--s 0001e000 fc:00 3801463                    /home/osgdev/.m2/repository/com/sun/jersey/jersey-client/1.19.1/jersey-client-1.19.1.jar
7f14474e8000-7f14474f2000 r--s 00061000 fc:00 3545590                    /home/osgdev/.m2/repository/com/sun/jersey/jersey-core/1.19.1/jersey-core-1.19.1.jar
7f14474f2000-7f14474f6000 r--s 00027000 fc:00 3801459                    /home/osgdev/.m2/repository/com/netflix/servo/servo-internal/0.10.1/servo-internal-0.10.1.jar
7f14474f6000-7f14474fb000 r--s 00032000 fc:00 3801458                    /home/osgdev/.m2/repository/com/netflix/servo/servo-core/0.10.1/servo-core-0.10.1.jar
7f14474fb000-7f14474fd000 r--s 0000a000 fc:00 3801456                    /home/osgdev/.m2/repository/javax/ws/rs/jsr311-api/1.1.1/jsr311-api-1.1.1.jar
7f14474fd000-7f1447501000 r--s 0001e000 fc:00 3801472                    /home/osgdev/.m2/repository/com/netflix/archaius/archaius-core/0.7.4/archaius-core-0.7.4.jar
7f1447501000-7f1447514000 r--s 000df000 fc:00 1315904                    /home/osgdev/.m2/repository/org/apache/commons/commons-math/2.2/commons-math-2.2.jar
7f1447514000-7f1447519000 r--s 00036000 fc:00 3545588                    /home/osgdev/.m2/repository/com/google/code/gson/gson/2.8.5/gson-2.8.5.jar
7f1447519000-7f144751c000 r--s 00022000 fc:00 3801453                    /home/osgdev/.m2/repository/org/antlr/stringtemplate/3.2.1/stringtemplate-3.2.1.jar
7f144751c000-7f1447520000 r--s 00025000 fc:00 3801449                    /home/osgdev/.m2/repository/org/antlr/antlr-runtime/3.4/antlr-runtime-3.4.jar
7f1447520000-7f1447531000 r--s 0008a000 fc:00 794006                     /home/osgdev/.m2/repository/joda-time/joda-time/2.9.9/joda-time-2.9.9.jar
7f1447531000-7f1447537000 r--s 00044000 fc:00 794004                     /home/osgdev/.m2/repository/commons-jxpath/commons-jxpath/1.3/commons-jxpath-1.3.jar
7f1447537000-7f144753a000 r--s 00016000 fc:00 3545586                    /home/osgdev/.m2/repository/com/netflix/netflix-commons/netflix-infix/0.3.0/netflix-infix-0.3.0.jar
7f144753a000-7f144753c000 r--s 0000f000 fc:00 3416362                    /home/osgdev/.m2/repository/com/netflix/netflix-commons/netflix-eventbus/0.3.0/netflix-eventbus-0.3.0.jar
7f144753c000-7f144753e000 r--s 00005000 fc:00 794002                     /home/osgdev/.m2/repository/stax/stax-api/1.0.1/stax-api-1.0.1.jar
7f144753e000-7f1447541000 r--s 00012000 fc:00 793999                     /home/osgdev/.m2/repository/org/codehaus/jettison/jettison/1.3.7/jettison-1.3.7.jar
7f1447541000-7f144754b000 r--s 0005b000 fc:00 3284986                    /home/osgdev/.m2/repository/com/netflix/eureka/eureka-client/1.7.2/eureka-client-1.7.2.jar
7f144754b000-7f144754f000 r--s 00014000 fc:00 3801450                    /home/osgdev/.m2/repository/org/springframework/cloud/spring-cloud-netflix-eureka-client/1.4.5.RELEASE/spring-cloud-netflix-eureka-client-1.4.5.RELEASE.jar
7f144754f000-7f144755a000 r--s 0005f000 fc:00 3801448                    /home/osgdev/.m2/repository/org/springframework/cloud/spring-cloud-netflix-core/1.4.5.RELEASE/spring-cloud-netflix-core-1.4.5.RELEASE.jar
7f144755a000-7f14475a4000 r--s 002f4000 fc:00 3545542                    /home/osgdev/.m2/repository/org/bouncycastle/bcprov-jdk15on/1.55/bcprov-jdk15on-1.55.jar
7f14475a4000-7f14475b5000 r--s 00096000 fc:00 3545540                    /home/osgdev/.m2/repository/org/bouncycastle/bcpkix-jdk15on/1.55/bcpkix-jdk15on-1.55.jar
7f14475b5000-7f14475b6000 r--s 00004000 fc:00 2768707                    /home/osgdev/.m2/repository/org/springframework/security/spring-security-rsa/1.0.3.RELEASE/spring-security-rsa-1.0.3.RELEASE.jar
7f14475b6000-7f14475bc000 r--s 0001b000 fc:00 3678533                    /home/osgdev/.m2/repository/org/springframework/cloud/spring-cloud-commons/1.3.4.RELEASE/spring-cloud-commons-1.3.4.RELEASE.jar
7f14475bc000-7f14475be000 r--s 00010000 fc:00 2768705                    /home/osgdev/.m2/repository/org/springframework/security/spring-security-crypto/4.2.7.RELEASE/spring-security-crypto-4.2.7.RELEASE.jar
7f14475be000-7f14475c2000 r--s 00015000 fc:00 3678538                    /home/osgdev/.m2/repository/org/springframework/cloud/spring-cloud-context/1.3.4.RELEASE/spring-cloud-context-1.3.4.RELEASE.jar
7f14475c2000-7f14475c4000 r--s 00000000 fc:00 3801769                    /home/osgdev/.m2/repository/org/springframework/cloud/spring-cloud-starter-eureka/1.4.5.RELEASE/spring-cloud-starter-eureka-1.4.5.RELEASE.jar
7f14475c4000-7f14475ca000 r--s 0003e000 fc:00 3676150                    /home/osgdev/.m2/repository/org/springframework/spring-expression/4.3.18.RELEASE/spring-expression-4.3.18.RELEASE.jar
7f14475ca000-7f14475db000 r--s 000d0000 fc:00 3676200                    /home/osgdev/.m2/repository/org/springframework/spring-webmvc/4.3.18.RELEASE/spring-webmvc-4.3.18.RELEASE.jar
7f14475db000-7f14475f4000 r--s 000fe000 fc:00 3676162                    /home/osgdev/.m2/repository/org/springframework/spring-context/4.3.18.RELEASE/spring-context-4.3.18.RELEASE.jar
7f14475f4000-7f1447602000 r--s 000ad000 fc:00 3676158                    /home/osgdev/.m2/repository/org/springframework/spring-beans/4.3.18.RELEASE/spring-beans-4.3.18.RELEASE.jar
7f1447602000-7f144760b000 r--s 00054000 fc:00 3675755                    /home/osgdev/.m2/repository/org/springframework/spring-aop/4.3.18.RELEASE/spring-aop-4.3.18.RELEASE.jar
7f144760b000-7f144761d000 r--s 000b9000 fc:00 3675749                    /home/osgdev/.m2/repository/org/springframework/spring-web/4.3.18.RELEASE/spring-web-4.3.18.RELEASE.jar
7f144761d000-7f1447621000 r--s 00042000 fc:00 3676159                    /home/osgdev/.m2/repository/com/fasterxml/jackson/core/jackson-core/2.8.11/jackson-core-2.8.11.jar
7f1447621000-7f1447624000 r--s 0000b000 fc:00 3676153                    /home/osgdev/.m2/repository/com/fasterxml/jackson/core/jackson-annotations/2.8.0/jackson-annotations-2.8.0.jar
7f1447624000-7f1447636000 r--s 0011f000 fc:00 3676152                    /home/osgdev/.m2/repository/com/fasterxml/jackson/core/jackson-databind/2.8.11.2/jackson-databind-2.8.11.2.jar
7f1447636000-7f144765f000 r--s 002d3000 fc:00 3675658                    /home/osgdev/.m2/repository/org/apache/tomcat/embed/tomcat-embed-core/8.5.32/tomcat-embed-core-8.5.32.jar
7f144765f000-7f1447660000 ---p 00000000 00:00 0 
7f1447660000-7f1447760000 rw-p 00000000 00:00 0 
7f1447760000-7f1447763000 ---p 00000000 00:00 0 
7f1447763000-7f1447861000 rw-p 00000000 00:00 0 
7f1447861000-7f1447864000 ---p 00000000 00:00 0 
7f1447864000-7f1447962000 rw-p 00000000 00:00 0 
7f1447962000-7f1447965000 ---p 00000000 00:00 0 
7f1447965000-7f1447a63000 rw-p 00000000 00:00 0 
7f1447a63000-7f1447a66000 ---p 00000000 00:00 0 
7f1447a66000-7f1447b64000 rw-p 00000000 00:00 0 
7f1447b64000-7f1447cfd000 r--p 00000000 fc:00 6037686                    /usr/lib/locale/locale-archive
7f1447cfd000-7f1447d00000 ---p 00000000 00:00 0 
7f1447d00000-7f1447dfe000 rw-p 00000000 00:00 0 
7f1447dfe000-7f1447e01000 ---p 00000000 00:00 0 
7f1447e01000-7f1447eff000 rw-p 00000000 00:00 0 
7f1447eff000-7f1447f00000 ---p 00000000 00:00 0 
7f1447f00000-7f1448000000 rw-p 00000000 00:00 0 
7f1448000000-7f1448033000 rw-p 00000000 00:00 0 
7f1448033000-7f144c000000 ---p 00000000 00:00 0 
7f144c000000-7f144c001000 r--s 00000000 fc:00 3801137                    /home/osgdev/.m2/repository/org/springframework/cloud/spring-cloud-starter/1.3.4.RELEASE/spring-cloud-starter-1.3.4.RELEASE.jar
7f144c001000-7f144c003000 r--s 0000e000 fc:00 3167314                    /home/osgdev/.m2/repository/com/fasterxml/classmate/1.3.4/classmate-1.3.4.jar
7f144c003000-7f144c005000 r--s 0000f000 fc:00 3675671                    /home/osgdev/.m2/repository/org/jboss/logging/jboss-logging/3.3.2.Final/jboss-logging-3.3.2.Final.jar
7f144c005000-7f144c009000 r--s 0000c000 fc:00 3676143                    /home/osgdev/.m2/repository/javax/validation/validation-api/1.1.0.Final/validation-api-1.1.0.Final.jar
7f144c009000-7f144c01a000 r--s 000a1000 fc:00 3676130                    /home/osgdev/.m2/repository/org/hibernate/hibernate-validator/5.3.6.Final/hibernate-validator-5.3.6.Final.jar
7f144c01a000-7f144c01f000 r--s 0003a000 fc:00 3675655                    /home/osgdev/.m2/repository/org/apache/tomcat/embed/tomcat-embed-websocket/8.5.32/tomcat-embed-websocket-8.5.32.jar
7f144c01f000-7f144c024000 r--s 00037000 fc:00 3675659                    /home/osgdev/.m2/repository/org/apache/tomcat/embed/tomcat-embed-el/8.5.32/tomcat-embed-el-8.5.32.jar
7f144c024000-7f144c026000 r--s 00002000 fc:00 3676193                    /home/osgdev/.m2/repository/org/apache/tomcat/tomcat-annotations-api/8.5.32/tomcat-annotations-api-8.5.32.jar
7f144c026000-7f144c02c000 r--s 0003d000 fc:00 3676180                    /home/osgdev/.m2/repository/org/yaml/snakeyaml/1.17/snakeyaml-1.17.jar
7f144c02c000-7f144c02e000 r--s 00004000 fc:00 3676172                    /home/osgdev/.m2/repository/org/slf4j/log4j-over-slf4j/1.7.25/log4j-over-slf4j-1.7.25.jar
7f144c02e000-7f144c030000 r--s 00000000 fc:00 2500173                    /home/osgdev/.m2/repository/org/slf4j/jul-to-slf4j/1.7.25/jul-to-slf4j-1.7.25.jar
7f144c030000-7f144c03b000 r--s 0006a000 fc:00 3676157                    /home/osgdev/.m2/repository/ch/qos/logback/logback-core/1.1.11/logback-core-1.1.11.jar
7f144c03b000-7f144c042000 r--s 00045000 fc:00 1976552                    /home/osgdev/.m2/repository/ch/qos/logback/logback-classic/1.1.11/logback-classic-1.1.11.jar
7f144c042000-7f144c063000 r--s 000e6000 fc:00 3676134                    /home/osgdev/.m2/repository/org/springframework/boot/spring-boot-autoconfigure/1.5.15.RELEASE/spring-boot-autoconfigure-1.5.15.RELEASE.jar
7f144c063000-7f144c0f9000 r--s 0110a000 fc:00 1193533                    /usr/lib/jvm/java-8-oracle/jre/lib/ext/jfxrt.jar
7f144c0f9000-7f144d000000 rw-p 00000000 00:00 0 
7f144d000000-7f144ddf0000 rwxp 00000000 00:00 0 
7f144ddf0000-7f145c000000 ---p 00000000 00:00 0 
7f145c000000-7f145d8a6000 rw-p 00000000 00:00 0 
7f145d8a6000-7f1460000000 ---p 00000000 00:00 0 
7f1460000000-7f1460001000 r--s 00000000 fc:00 3801771                    /home/osgdev/.m2/repository/org/springframework/cloud/spring-cloud-starter-netflix-eureka-client/1.4.5.RELEASE/spring-cloud-starter-netflix-eureka-client-1.4.5.RELEASE.jar
7f1460001000-7f1460011000 r--s 00097000 fc:00 3676131                    /home/osgdev/.m2/repository/org/springframework/boot/spring-boot/1.5.15.RELEASE/spring-boot-1.5.15.RELEASE.jar
7f1460011000-7f1460024000 r--s 00345000 fc:00 663724                     /usr/lib/jvm/java-8-oracle/jre/lib/resources.jar
7f1460024000-7f1460296000 rw-p 00000000 00:00 0 
7f1460296000-7f146046f000 r--s 03d64000 fc:00 663720                     /usr/lib/jvm/java-8-oracle/jre/lib/rt.jar
7f146046f000-7f14625b3000 rw-p 00000000 00:00 0 
7f14625b3000-7f14625b4000 ---p 00000000 00:00 0 
7f14625b4000-7f14626b4000 rw-p 00000000 00:00 0 
7f14626b4000-7f14626b5000 ---p 00000000 00:00 0 
7f14626b5000-7f14627d2000 rw-p 00000000 00:00 0 
7f14627d2000-7f14628ff000 ---p 00000000 00:00 0 
7f14628ff000-7f146291c000 rw-p 00000000 00:00 0 
7f146291c000-7f1462a48000 ---p 00000000 00:00 0 
7f1462a48000-7f1462aad000 rw-p 00000000 00:00 0 
7f1462aad000-7f1462aed000 ---p 00000000 00:00 0 
7f1462aed000-7f1462b26000 rw-p 00000000 00:00 0 
7f1462b26000-7f1462eae000 ---p 00000000 00:00 0 
7f1462eae000-7f1462ec9000 r-xp 00000000 fc:00 2901920                    /usr/lib/jvm/java-8-oracle/jre/lib/amd64/libzip.so
7f1462ec9000-7f14630c9000 ---p 0001b000 fc:00 2901920                    /usr/lib/jvm/java-8-oracle/jre/lib/amd64/libzip.so
7f14630c9000-7f14630ca000 rw-p 0001b000 fc:00 2901920                    /usr/lib/jvm/java-8-oracle/jre/lib/amd64/libzip.so
7f14630ca000-7f14630d5000 r-xp 00000000 fc:00 1840107                    /lib/x86_64-linux-gnu/libnss_files-2.23.so
7f14630d5000-7f14632d4000 ---p 0000b000 fc:00 1840107                    /lib/x86_64-linux-gnu/libnss_files-2.23.so
7f14632d4000-7f14632d5000 r--p 0000a000 fc:00 1840107                    /lib/x86_64-linux-gnu/libnss_files-2.23.so
7f14632d5000-7f14632d6000 rw-p 0000b000 fc:00 1840107                    /lib/x86_64-linux-gnu/libnss_files-2.23.so
7f14632d6000-7f14632dc000 rw-p 00000000 00:00 0 
7f14632dc000-7f14632e7000 r-xp 00000000 fc:00 1840111                    /lib/x86_64-linux-gnu/libnss_nis-2.23.so
7f14632e7000-7f14634e6000 ---p 0000b000 fc:00 1840111                    /lib/x86_64-linux-gnu/libnss_nis-2.23.so
7f14634e6000-7f14634e7000 r--p 0000a000 fc:00 1840111                    /lib/x86_64-linux-gnu/libnss_nis-2.23.so
7f14634e7000-7f14634e8000 rw-p 0000b000 fc:00 1840111                    /lib/x86_64-linux-gnu/libnss_nis-2.23.so
7f14634e8000-7f14634fe000 r-xp 00000000 fc:00 1840091                    /lib/x86_64-linux-gnu/libnsl-2.23.so
7f14634fe000-7f14636fd000 ---p 00016000 fc:00 1840091                    /lib/x86_64-linux-gnu/libnsl-2.23.so
7f14636fd000-7f14636fe000 r--p 00015000 fc:00 1840091                    /lib/x86_64-linux-gnu/libnsl-2.23.so
7f14636fe000-7f14636ff000 rw-p 00016000 fc:00 1840091                    /lib/x86_64-linux-gnu/libnsl-2.23.so
7f14636ff000-7f1463701000 rw-p 00000000 00:00 0 
7f1463701000-7f1463709000 r-xp 00000000 fc:00 1840102                    /lib/x86_64-linux-gnu/libnss_compat-2.23.so
7f1463709000-7f1463908000 ---p 00008000 fc:00 1840102                    /lib/x86_64-linux-gnu/libnss_compat-2.23.so
7f1463908000-7f1463909000 r--p 00007000 fc:00 1840102                    /lib/x86_64-linux-gnu/libnss_compat-2.23.so
7f1463909000-7f146390a000 rw-p 00008000 fc:00 1840102                    /lib/x86_64-linux-gnu/libnss_compat-2.23.so
7f146390a000-7f1463935000 r-xp 00000000 fc:00 2901914                    /usr/lib/jvm/java-8-oracle/jre/lib/amd64/libjava.so
7f1463935000-7f1463b34000 ---p 0002b000 fc:00 2901914                    /usr/lib/jvm/java-8-oracle/jre/lib/amd64/libjava.so
7f1463b34000-7f1463b36000 rw-p 0002a000 fc:00 2901914                    /usr/lib/jvm/java-8-oracle/jre/lib/amd64/libjava.so
7f1463b36000-7f1463b43000 r-xp 00000000 fc:00 2901919                    /usr/lib/jvm/java-8-oracle/jre/lib/amd64/libverify.so
7f1463b43000-7f1463d43000 ---p 0000d000 fc:00 2901919                    /usr/lib/jvm/java-8-oracle/jre/lib/amd64/libverify.so
7f1463d43000-7f1463d45000 rw-p 0000d000 fc:00 2901919                    /usr/lib/jvm/java-8-oracle/jre/lib/amd64/libverify.so
7f1463d45000-7f1463d4c000 r-xp 00000000 fc:00 1840112                    /lib/x86_64-linux-gnu/librt-2.23.so
7f1463d4c000-7f1463f4b000 ---p 00007000 fc:00 1840112                    /lib/x86_64-linux-gnu/librt-2.23.so
7f1463f4b000-7f1463f4c000 r--p 00006000 fc:00 1840112                    /lib/x86_64-linux-gnu/librt-2.23.so
7f1463f4c000-7f1463f4d000 rw-p 00007000 fc:00 1840112                    /lib/x86_64-linux-gnu/librt-2.23.so
7f1463f4d000-7f1464055000 r-xp 00000000 fc:00 1840090                    /lib/x86_64-linux-gnu/libm-2.23.so
7f1464055000-7f1464254000 ---p 00108000 fc:00 1840090                    /lib/x86_64-linux-gnu/libm-2.23.so
7f1464254000-7f1464255000 r--p 00107000 fc:00 1840090                    /lib/x86_64-linux-gnu/libm-2.23.so
7f1464255000-7f1464256000 rw-p 00108000 fc:00 1840090                    /lib/x86_64-linux-gnu/libm-2.23.so
7f1464256000-7f1464f2f000 r-xp 00000000 fc:00 3410164                    /usr/lib/jvm/java-8-oracle/jre/lib/amd64/server/libjvm.so
7f1464f2f000-7f146512e000 ---p 00cd9000 fc:00 3410164                    /usr/lib/jvm/java-8-oracle/jre/lib/amd64/server/libjvm.so
7f146512e000-7f1465207000 rw-p 00cd8000 fc:00 3410164                    /usr/lib/jvm/java-8-oracle/jre/lib/amd64/server/libjvm.so
7f1465207000-7f1465253000 rw-p 00000000 00:00 0 
7f1465253000-7f1465413000 r-xp 00000000 fc:00 1840094                    /lib/x86_64-linux-gnu/libc-2.23.so
7f1465413000-7f1465613000 ---p 001c0000 fc:00 1840094                    /lib/x86_64-linux-gnu/libc-2.23.so
7f1465613000-7f1465617000 r--p 001c0000 fc:00 1840094                    /lib/x86_64-linux-gnu/libc-2.23.so
7f1465617000-7f1465619000 rw-p 001c4000 fc:00 1840094                    /lib/x86_64-linux-gnu/libc-2.23.so
7f1465619000-7f146561d000 rw-p 00000000 00:00 0 
7f146561d000-7f1465620000 r-xp 00000000 fc:00 1840096                    /lib/x86_64-linux-gnu/libdl-2.23.so
7f1465620000-7f146581f000 ---p 00003000 fc:00 1840096                    /lib/x86_64-linux-gnu/libdl-2.23.so
7f146581f000-7f1465820000 r--p 00002000 fc:00 1840096                    /lib/x86_64-linux-gnu/libdl-2.23.so
7f1465820000-7f1465821000 rw-p 00003000 fc:00 1840096                    /lib/x86_64-linux-gnu/libdl-2.23.so
7f1465821000-7f1465837000 r-xp 00000000 fc:00 3410648                    /usr/lib/jvm/java-8-oracle/lib/amd64/jli/libjli.so
7f1465837000-7f1465a36000 ---p 00016000 fc:00 3410648                    /usr/lib/jvm/java-8-oracle/lib/amd64/jli/libjli.so
7f1465a36000-7f1465a37000 rw-p 00015000 fc:00 3410648                    /usr/lib/jvm/java-8-oracle/lib/amd64/jli/libjli.so
7f1465a37000-7f1465a4f000 r-xp 00000000 fc:00 1840093                    /lib/x86_64-linux-gnu/libpthread-2.23.so
7f1465a4f000-7f1465c4e000 ---p 00018000 fc:00 1840093                    /lib/x86_64-linux-gnu/libpthread-2.23.so
7f1465c4e000-7f1465c4f000 r--p 00017000 fc:00 1840093                    /lib/x86_64-linux-gnu/libpthread-2.23.so
7f1465c4f000-7f1465c50000 rw-p 00018000 fc:00 1840093                    /lib/x86_64-linux-gnu/libpthread-2.23.so
7f1465c50000-7f1465c54000 rw-p 00000000 00:00 0 
7f1465c54000-7f1465c7a000 r-xp 00000000 fc:00 1840092                    /lib/x86_64-linux-gnu/ld-2.23.so
7f1465c7a000-7f1465c7b000 r--s 00000000 fc:00 3676187                    /home/osgdev/.m2/repository/org/springframework/boot/spring-boot-starter-tomcat/1.5.15.RELEASE/spring-boot-starter-tomcat-1.5.15.RELEASE.jar
7f1465c7b000-7f1465c7c000 r--s 00000000 fc:00 3676146                    /home/osgdev/.m2/repository/org/springframework/boot/spring-boot-starter-logging/1.5.15.RELEASE/spring-boot-starter-logging-1.5.15.RELEASE.jar
7f1465c7c000-7f1465c7d000 r--s 00000000 fc:00 3676129                    /home/osgdev/.m2/repository/org/springframework/boot/spring-boot-starter/1.5.15.RELEASE/spring-boot-starter-1.5.15.RELEASE.jar
7f1465c7d000-7f1465c7e000 r--s 00000000 fc:00 3676135                    /home/osgdev/.m2/repository/org/springframework/boot/spring-boot-starter-web/1.5.15.RELEASE/spring-boot-starter-web-1.5.15.RELEASE.jar
7f1465c7e000-7f1465c83000 r--s 00084000 fc:00 663697                     /usr/lib/jvm/java-8-oracle/jre/lib/jfr.jar
7f1465c83000-7f1465d5c000 rw-p 00000000 00:00 0 
7f1465d5c000-7f1465d5f000 ---p 00000000 00:00 0 
7f1465d5f000-7f1465e62000 rw-p 00000000 00:00 0 
7f1465e62000-7f1465e67000 r--s 002f9000 fc:00 663718                     /usr/lib/jvm/java-8-oracle/jre/lib/charsets.jar
7f1465e67000-7f1465e6a000 r--s 0001a000 fc:00 663731                     /usr/lib/jvm/java-8-oracle/jre/lib/jce.jar
7f1465e6a000-7f1465e6f000 r--s 0009d000 fc:00 663725                     /usr/lib/jvm/java-8-oracle/jre/lib/jsse.jar
7f1465e6f000-7f1465e77000 rw-s 00000000 fc:00 4456710                    /tmp/hsperfdata_osgdev/8889
7f1465e77000-7f1465e78000 rw-p 00000000 00:00 0 
7f1465e78000-7f1465e79000 ---p 00000000 00:00 0 
7f1465e79000-7f1465e7a000 r--p 00025000 fc:00 1840092                    /lib/x86_64-linux-gnu/ld-2.23.so
7f1465e7a000-7f1465e7b000 rw-p 00026000 fc:00 1840092                    /lib/x86_64-linux-gnu/ld-2.23.so
7f1465e7b000-7f1465e7c000 rw-p 00000000 00:00 0 
7ffeeab42000-7ffeeab66000 rw-p 00000000 00:00 0                          [stack]
7ffeeabf8000-7ffeeabfb000 r--p 00000000 00:00 0                          [vvar]
7ffeeabfb000-7ffeeabfd000 r-xp 00000000 00:00 0                          [vdso]
ffffffffff600000-ffffffffff601000 r-xp 00000000 00:00 0                  [vsyscall]

VM Arguments:
jvm_args: -Dfile.encoding=UTF-8 
java_command: com.meru.price.app.PricingServiceApplication
java_class_path (initial): /usr/lib/jvm/java-8-oracle/jre/lib/resources.jar:/usr/lib/jvm/java-8-oracle/jre/lib/rt.jar:/usr/lib/jvm/java-8-oracle/jre/lib/jsse.jar:/usr/lib/jvm/java-8-oracle/jre/lib/jce.jar:/usr/lib/jvm/java-8-oracle/jre/lib/charsets.jar:/usr/lib/jvm/java-8-oracle/jre/lib/jfr.jar:/usr/lib/jvm/java-8-oracle/jre/lib/ext/sunpkcs11.jar:/usr/lib/jvm/java-8-oracle/jre/lib/ext/jfxrt.jar:/usr/lib/jvm/java-8-oracle/jre/lib/ext/jaccess.jar:/usr/lib/jvm/java-8-oracle/jre/lib/ext/dnsns.jar:/usr/lib/jvm/java-8-oracle/jre/lib/ext/sunjce_provider.jar:/usr/lib/jvm/java-8-oracle/jre/lib/ext/zipfs.jar:/usr/lib/jvm/java-8-oracle/jre/lib/ext/nashorn.jar:/usr/lib/jvm/java-8-oracle/jre/lib/ext/cldrdata.jar:/usr/lib/jvm/java-8-oracle/jre/lib/ext/sunec.jar:/usr/lib/jvm/java-8-oracle/jre/lib/ext/localedata.jar:/home/osgdev/Documents/Ashok/PricingService/target/classes:/home/osgdev/.m2/repository/org/springframework/boot/spring-boot-starter-web/1.5.15.RELEASE/spring-boot-starter-web-1.5.15.RELEASE.jar:/home/osgdev/.m2/repository/org/springframework/boot/spring-boot-starter/1.5.15.RELEASE/spring-boot-starter-1.5.15.RELEASE.jar:/home/osgdev/.m2/repository/org/springframework/boot/spring-boot/1.5.15.RELEASE/spring-boot-1.5.15.RELEASE.jar:/home/osgdev/.m2/repository/org/springframework/boot/spring-boot-autoconfigure/1.5.15.RELEASE/spring-boot-autoconfigure-1.5.15.RELEASE.jar:/home/osgdev/.m2/repository/org/springframework/boot/spring-boot-starter-logging/1.5.15.RELEASE/spring-boot-starter-logging-1.5.15.RELEASE.jar:/home/osgdev/.m2/repository/ch/qos/logback/logback-classic/1.1.11/logback-classic-1.1.11.jar:/home/osgdev/.m2/repository/ch/qos/logback/logback-core/1.1.11/logback-core-1.1.11.jar:/home/osgdev/.m2/repository/org/slf4j/jul-to-slf4j/1.7.25/jul-to-slf4j-1.7.25.jar:/home/osgdev/.m2/repository/org/slf4j/log4j-over-slf4j/1.7.25/log4j-over-slf4j-1.7.25.jar:/home/osgdev/.m2/repository/org/yaml/snakeyaml/1.17/snakeyaml-1.17.jar:/home/osgdev/.m2/repository/org/springframework/b
Launcher Type: SUN_STANDARD

Environment Variables:
PATH=/home/osgdev/bin:/home/osgdev/.local/bin:/usr/local/sbin:/usr/local/bin:/usr/sbin:/usr/bin:/sbin:/bin:/usr/games:/usr/local/games:/snap/bin
SHELL=/bin/bash
DISPLAY=:0

Signal Handlers:
SIGSEGV: [libjvm.so+0xad01e0], sa_mask[0]=11111111011111111101111111111110, sa_flags=SA_RESTART|SA_SIGINFO
SIGBUS: [libjvm.so+0xad01e0], sa_mask[0]=11111111011111111101111111111110, sa_flags=SA_RESTART|SA_SIGINFO
SIGFPE: [libjvm.so+0x927fb0], sa_mask[0]=11111111011111111101111111111110, sa_flags=SA_RESTART|SA_SIGINFO
SIGPIPE: [libjvm.so+0x927fb0], sa_mask[0]=11111111011111111101111111111110, sa_flags=SA_RESTART|SA_SIGINFO
SIGXFSZ: [libjvm.so+0x927fb0], sa_mask[0]=11111111011111111101111111111110, sa_flags=SA_RESTART|SA_SIGINFO
SIGILL: [libjvm.so+0x927fb0], sa_mask[0]=11111111011111111101111111111110, sa_flags=SA_RESTART|SA_SIGINFO
SIGUSR1: SIG_DFL, sa_mask[0]=00000000000000000000000000000000, sa_flags=none
SIGUSR2: [libjvm.so+0x9297f0], sa_mask[0]=00100000000000000000000000000000, sa_flags=SA_RESTART|SA_SIGINFO
SIGHUP: [libjvm.so+0x92abf0], sa_mask[0]=11111111011111111101111111111110, sa_flags=SA_RESTART|SA_SIGINFO
SIGINT: [libjvm.so+0x92abf0], sa_mask[0]=11111111011111111101111111111110, sa_flags=SA_RESTART|SA_SIGINFO
SIGTERM: [libjvm.so+0x92abf0], sa_mask[0]=11111111011111111101111111111110, sa_flags=SA_RESTART|SA_SIGINFO
SIGQUIT: [libjvm.so+0x92abf0], sa_mask[0]=11111111011111111101111111111110, sa_flags=SA_RESTART|SA_SIGINFO


---------------  S Y S T E M  ---------------

OS:DISTRIB_ID=Ubuntu
DISTRIB_RELEASE=16.04
DISTRIB_CODENAME=xenial
DISTRIB_DESCRIPTION="Ubuntu 16.04.3 LTS"

uname:Linux 4.4.0-112-generic #135-Ubuntu SMP Fri Jan 19 11:48:36 UTC 2018 x86_64
libc:glibc 2.23 NPTL 2.23 
rlimit: STACK 8192k, CORE 0k, NPROC 15633, NOFILE 1048576, AS infinity
load average:32.57 33.78 35.06

/proc/meminfo:
MemTotal:        4046460 kB
MemFree:           88436 kB
MemAvailable:          0 kB
Buffers:             168 kB
Cached:            42336 kB
SwapCached:          652 kB
Active:          2658180 kB
Inactive:        1052952 kB
Active(anon):    2651100 kB
Inactive(anon):  1043468 kB
Active(file):       7080 kB
Inactive(file):     9484 kB
Unevictable:        3684 kB
Mlocked:            3684 kB
SwapTotal:       4194300 kB
SwapFree:              0 kB
Dirty:                 0 kB
Writeback:             4 kB
AnonPages:       3672464 kB
Mapped:            13556 kB
Shmem:             23136 kB
Slab:              87356 kB
SReclaimable:      36196 kB
SUnreclaim:        51160 kB
KernelStack:       23152 kB
PageTables:        72488 kB
NFS_Unstable:          0 kB
Bounce:                0 kB
WritebackTmp:          0 kB
CommitLimit:     6217528 kB
Committed_AS:   16058920 kB
VmallocTotal:   34359738367 kB
VmallocUsed:           0 kB
VmallocChunk:          0 kB
HardwareCorrupted:     0 kB
AnonHugePages:    866304 kB
CmaTotal:              0 kB
CmaFree:               0 kB
HugePages_Total:       0
HugePages_Free:        0
HugePages_Rsvd:        0
HugePages_Surp:        0
Hugepagesize:       2048 kB
DirectMap4k:      309184 kB
DirectMap2M:     3885056 kB
DirectMap1G:     2097152 kB


CPU:total 2 (initial active 2) (1 cores per cpu, 1 threads per core) family 6 model 79 stepping 0, cmov, cx8, fxsr, mmx, sse, sse2, sse3, ssse3, sse4.1, sse4.2, popcnt, avx, avx2, aes, clmul, erms, rtm, 3dnowpref, lzcnt, tsc, tscinvbit, bmi1, bmi2, adx

/proc/cpuinfo:
processor	: 0
vendor_id	: GenuineIntel
cpu family	: 6
model		: 79
model name	: Intel(R) Xeon(R) CPU E5-2695 v4 @ 2.10GHz
stepping	: 0
microcode	: 0xb00001b
cpu MHz		: 2099.998
cache size	: 46080 KB
physical id	: 0
siblings	: 1
core id		: 0
cpu cores	: 1
apicid		: 0
initial apicid	: 0
fpu		: yes
fpu_exception	: yes
cpuid level	: 13
wp		: yes
flags		: fpu vme de pse tsc msr pae mce cx8 apic sep mtrr pge mca cmov pat pse36 clflush dts mmx fxsr sse sse2 ss syscall nx pdpe1gb rdtscp lm constant_tsc arch_perfmon pebs bts nopl xtopology tsc_reliable nonstop_tsc eagerfpu pni pclmulqdq ssse3 fma cx16 pcid sse4_1 sse4_2 x2apic movbe popcnt tsc_deadline_timer aes xsave avx f16c rdrand hypervisor lahf_lm abm 3dnowprefetch invpcid_single kaiser fsgsbase tsc_adjust bmi1 hle avx2 smep bmi2 invpcid rtm rdseed adx smap xsaveopt arat
bugs		:
bogomips	: 4199.99
clflush size	: 64
cache_alignment	: 64
address sizes	: 43 bits physical, 48 bits virtual
power management:

processor	: 1
vendor_id	: GenuineIntel
cpu family	: 6
model		: 79
model name	: Intel(R) Xeon(R) CPU E5-2695 v4 @ 2.10GHz
stepping	: 0
microcode	: 0xb00001b
cpu MHz		: 2099.998
cache size	: 46080 KB
physical id	: 2
siblings	: 1
core id		: 0
cpu cores	: 1
apicid		: 2
initial apicid	: 2
fpu		: yes
fpu_exception	: yes
cpuid level	: 13
wp		: yes
flags		: fpu vme de pse tsc msr pae mce cx8 apic sep mtrr pge mca cmov pat pse36 clflush dts mmx fxsr sse sse2 ss syscall nx pdpe1gb rdtscp lm constant_tsc arch_perfmon pebs bts nopl xtopology tsc_reliable nonstop_tsc eagerfpu pni pclmulqdq ssse3 fma cx16 pcid sse4_1 sse4_2 x2apic movbe popcnt tsc_deadline_timer aes xsave avx f16c rdrand hypervisor lahf_lm abm 3dnowprefetch invpcid_single kaiser fsgsbase tsc_adjust bmi1 hle avx2 smep bmi2 invpcid rtm rdseed adx smap xsaveopt arat
bugs		:
bogomips	: 4199.99
clflush size	: 64
cache_alignment	: 64
address sizes	: 43 bits physical, 48 bits virtual
power management:



Memory: 4k page, physical 4046460k(90516k free), swap 4194300k(0k free)

vm_info: Java HotSpot(TM) 64-Bit Server VM (25.161-b12) for linux-amd64 JRE (1.8.0_161-b12), built on Dec 19 2017 16:12:43 by "java_re" with gcc 4.3.0 20080428 (Red Hat 4.3.0-8)

time: Wed Sep 26 19:38:46 2018
elapsed time: 3081 seconds (0d 0h 51m 21s)

